Compilación iniciada a las 28-11-2012 14:41:58.
     1>Proyecto "C:\Users\Alex\Documents\Visual Studio 2012\Projects\HappyLand\HappyLand\HappyLand.vcxproj" en el nodo 2 (Build destinos).
     1>ClCompile:
         C:\Program Files (x86)\Microsoft Visual Studio 11.0\VC\bin\CL.exe /c /Zi /nologo /W3 /WX- /O2 /Oi /Oy- /GL /D _MBCS /Gm- /EHsc /MD /GS /Gy /fp:precise /Zc:wchar_t /Zc:forScope /Fo"Release\\" /Fd"Release\vc110.pdb" /Gd /TP /analyze- /errorReport:prompt triangle.cpp
         triangle.cpp
       Link:
         C:\Program Files (x86)\Microsoft Visual Studio 11.0\VC\bin\link.exe /ERRORREPORT:PROMPT /OUT:"C:\Users\Alex\Documents\Visual Studio 2012\Projects\HappyLand\Release\HappyLand.exe" /NOLOGO SOIL.lib "sfml-window-s.lib" "sfml-system-s.lib" kernel32.lib user32.lib gdi32.lib winspool.lib comdlg32.lib advapi32.lib shell32.lib ole32.lib oleaut32.lib uuid.lib odbc32.lib odbccp32.lib /MANIFEST /MANIFESTUAC:"level='asInvoker' uiAccess='false'" /manifest:embed /DEBUG /PDB:"C:\Users\Alex\Documents\Visual Studio 2012\Projects\HappyLand\Release\HappyLand.pdb" /OPT:REF /OPT:ICF /LTCG /TLBID:1 /DYNAMICBASE /NXCOMPAT /IMPLIB:"C:\Users\Alex\Documents\Visual Studio 2012\Projects\HappyLand\Release\HappyLand.lib" /MACHINE:X86 /SAFESEH Release\Camera.obj
         Release\Controller.obj
         Release\glew.obj
         Release\Keys.obj
         Release\Object.obj
         Release\Program.obj
         Release\shader_utils.obj
         Release\Skybox.obj
         Release\triangle.obj
         Release\Water.obj
            Creando biblioteca C:\Users\Alex\Documents\Visual Studio 2012\Projects\HappyLand\Release\HappyLand.lib y objeto C:\Users\Alex\Documents\Visual Studio 2012\Projects\HappyLand\Release\HappyLand.exp
         Generando código
         Generación de código finalizada
         HappyLand.vcxproj -> C:\Users\Alex\Documents\Visual Studio 2012\Projects\HappyLand\Release\HappyLand.exe
     1>Compilación del proyecto terminada "C:\Users\Alex\Documents\Visual Studio 2012\Projects\HappyLand\HappyLand\HappyLand.vcxproj" (Build destinos).

Compilación correcta.

Tiempo transcurrido 00:00:04.91
